2019-08-07 19:33:01.800810: I tensorflow/core/platform/cpu_feature_guard.cc:140] Your CPU supports instructions that this TensorFlow binary was not compiled to use: AVX2 AVX512F FMA
2019-08-07 19:33:04.042064: I tensorflow/core/common_runtime/gpu/gpu_device.cc:1356] Found device 0 with properties: 
name: GeForce GTX 1080 Ti major: 6 minor: 1 memoryClockRate(GHz): 1.6325
pciBusID: 0000:af:00.0
totalMemory: 10.92GiB freeMemory: 10.76GiB
2019-08-07 19:33:04.042502: I tensorflow/core/common_runtime/gpu/gpu_device.cc:1435] Adding visible gpu devices: 0
2019-08-07 19:33:04.655402: I tensorflow/core/common_runtime/gpu/gpu_device.cc:923] Device interconnect StreamExecutor with strength 1 edge matrix:
2019-08-07 19:33:04.655873: I tensorflow/core/common_runtime/gpu/gpu_device.cc:929]      0 
2019-08-07 19:33:04.656080: I tensorflow/core/common_runtime/gpu/gpu_device.cc:942] 0:   N 
2019-08-07 19:33:04.656675: I tensorflow/core/common_runtime/gpu/gpu_device.cc:1053] Created TensorFlow device (/job:localhost/replica:0/task:0/device:GPU:0 with 10417 MB memory) -> physical GPU (device: 0, name: GeForce GTX 1080 Ti, pci bus id: 0000:af:00.0, compute capability: 6.1)
(10238, 12)
(1284, 12)
(1267, 12)
(12789, 12)
12789
12789
['false' 'half-true' 'mostly-true' 'true' 'barely-true' 'pants-fire']
12789 12789
10238 1284 1267
(10238, 6) (1284, 6) (1267, 6)
11762
22915
(11762, 100)
(22915, 100)
<keras.layers.embeddings.Embedding object at 0x7f42374094a8>
<keras.layers.embeddings.Embedding object at 0x7f4237409ef0>
__________________________________________________________________________________________________
Layer (type)                    Output Shape         Param #     Connected to                     
==================================================================================================
input_1 (InputLayer)            (None, 100)          0                                            
__________________________________________________________________________________________________
input_2 (InputLayer)            (None, 150)          0                                            
__________________________________________________________________________________________________
embedding_1 (Embedding)         (None, 100, 100)     1176200     input_1[0][0]                    
__________________________________________________________________________________________________
embedding_2 (Embedding)         (None, 150, 100)     2291500     input_2[0][0]                    
__________________________________________________________________________________________________
bidirectional_1 (Bidirectional) (None, 100, 256)     175872      embedding_1[0][0]                
__________________________________________________________________________________________________
bidirectional_3 (Bidirectional) (None, 150, 256)     175872      embedding_2[0][0]                
__________________________________________________________________________________________________
bidirectional_2 (Bidirectional) (None, 128)          123264      bidirectional_1[0][0]            
__________________________________________________________________________________________________
bidirectional_4 (Bidirectional) (None, 128)          123264      bidirectional_3[0][0]            
__________________________________________________________________________________________________
concatenate_1 (Concatenate)     (None, 256)          0           bidirectional_2[0][0]            
                                                                 bidirectional_4[0][0]            
__________________________________________________________________________________________________
dense_1 (Dense)                 (None, 6)            1542        concatenate_1[0][0]              
==================================================================================================
Total params: 4,067,514
Trainable params: 599,814
Non-trainable params: 3,467,700
__________________________________________________________________________________________________
None
Train on 10238 samples, validate on 1284 samples
Epoch 1/5

  128/10238 [..............................] - ETA: 10:32 - loss: 1.7608 - acc: 0.2500
  256/10238 [..............................] - ETA: 6:20 - loss: 1.7736 - acc: 0.2266 
  384/10238 [>.............................] - ETA: 4:53 - loss: 1.7493 - acc: 0.2240
  512/10238 [>.............................] - ETA: 4:10 - loss: 1.7632 - acc: 0.2168
  640/10238 [>.............................] - ETA: 3:47 - loss: 1.7622 - acc: 0.2125
  768/10238 [=>............................] - ETA: 3:28 - loss: 1.7717 - acc: 0.2070
  896/10238 [=>............................] - ETA: 3:16 - loss: 1.7685 - acc: 0.2054
 1024/10238 [==>...........................] - ETA: 3:06 - loss: 1.7686 - acc: 0.2031
 1152/10238 [==>...........................] - ETA: 2:58 - loss: 1.7663 - acc: 0.2066
 1280/10238 [==>...........................] - ETA: 2:51 - loss: 1.7661 - acc: 0.2047
 1408/10238 [===>..........................] - ETA: 2:44 - loss: 1.7691 - acc: 0.2067
 1536/10238 [===>..........................] - ETA: 2:39 - loss: 1.7697 - acc: 0.2051
 1664/10238 [===>..........................] - ETA: 2:35 - loss: 1.7701 - acc: 0.2001
 1792/10238 [====>.........................] - ETA: 2:30 - loss: 1.7723 - acc: 0.1975
 1920/10238 [====>.........................] - ETA: 2:26 - loss: 1.7714 - acc: 0.1969
 2048/10238 [=====>........................] - ETA: 2:22 - loss: 1.7713 - acc: 0.1938
 2176/10238 [=====>........................] - ETA: 2:18 - loss: 1.7710 - acc: 0.1967
 2304/10238 [=====>........................] - ETA: 2:15 - loss: 1.7718 - acc: 0.1957
 2432/10238 [======>.......................] - ETA: 2:11 - loss: 1.7710 - acc: 0.1953
 2560/10238 [======>.......................] - ETA: 2:08 - loss: 1.7726 - acc: 0.1945
 2688/10238 [======>.......................] - ETA: 2:05 - loss: 1.7746 - acc: 0.1953
 2816/10238 [=======>......................] - ETA: 2:02 - loss: 1.7756 - acc: 0.1960
 2944/10238 [=======>......................] - ETA: 1:59 - loss: 1.7747 - acc: 0.1953
 3072/10238 [========>.....................] - ETA: 1:56 - loss: 1.7720 - acc: 0.1973
 3200/10238 [========>.....................] - ETA: 1:54 - loss: 1.7732 - acc: 0.1972
 3328/10238 [========>.....................] - ETA: 1:51 - loss: 1.7742 - acc: 0.1968
 3456/10238 [=========>....................] - ETA: 1:49 - loss: 1.7739 - acc: 0.1970
 3584/10238 [=========>....................] - ETA: 1:47 - loss: 1.7725 - acc: 0.1975
 3712/10238 [=========>....................] - ETA: 1:45 - loss: 1.7722 - acc: 0.1994
 3840/10238 [==========>...................] - ETA: 1:43 - loss: 1.7726 - acc: 0.1979
 3968/10238 [==========>...................] - ETA: 1:40 - loss: 1.7714 - acc: 0.1993
 4096/10238 [===========>..................] - ETA: 1:38 - loss: 1.7709 - acc: 0.2002
 4224/10238 [===========>..................] - ETA: 1:35 - loss: 1.7701 - acc: 0.2015
 4352/10238 [===========>..................] - ETA: 1:33 - loss: 1.7690 - acc: 0.2031
 4480/10238 [============>.................] - ETA: 1:31 - loss: 1.7687 - acc: 0.2027
 4608/10238 [============>.................] - ETA: 1:29 - loss: 1.7686 - acc: 0.2027
 4736/10238 [============>.................] - ETA: 1:27 - loss: 1.7685 - acc: 0.2044
 4864/10238 [=============>................] - ETA: 1:24 - loss: 1.7678 - acc: 0.2046
 4992/10238 [=============>................] - ETA: 1:22 - loss: 1.7672 - acc: 0.2051
 5120/10238 [==============>...............] - ETA: 1:20 - loss: 1.7667 - acc: 0.2051
 5248/10238 [==============>...............] - ETA: 1:18 - loss: 1.7669 - acc: 0.2046
 5376/10238 [==============>...............] - ETA: 1:16 - loss: 1.7654 - acc: 0.2067
 5504/10238 [===============>..............] - ETA: 1:13 - loss: 1.7641 - acc: 0.2088
 5632/10238 [===============>..............] - ETA: 1:11 - loss: 1.7637 - acc: 0.2092
 5760/10238 [===============>..............] - ETA: 1:09 - loss: 1.7634 - acc: 0.2104
 5888/10238 [================>.............] - ETA: 1:07 - loss: 1.7642 - acc: 0.2101
 6016/10238 [================>.............] - ETA: 1:05 - loss: 1.7642 - acc: 0.2099
 6144/10238 [=================>............] - ETA: 1:03 - loss: 1.7630 - acc: 0.2113
 6272/10238 [=================>............] - ETA: 1:01 - loss: 1.7624 - acc: 0.2124
 6400/10238 [=================>............] - ETA: 59s - loss: 1.7620 - acc: 0.2122 
 6528/10238 [==================>...........] - ETA: 57s - loss: 1.7615 - acc: 0.2114
 6656/10238 [==================>...........] - ETA: 55s - loss: 1.7597 - acc: 0.2129
 6784/10238 [==================>...........] - ETA: 53s - loss: 1.7587 - acc: 0.2134
 6912/10238 [===================>..........] - ETA: 51s - loss: 1.7590 - acc: 0.2124
 7040/10238 [===================>..........] - ETA: 49s - loss: 1.7584 - acc: 0.2125
 7168/10238 [====================>.........] - ETA: 47s - loss: 1.7585 - acc: 0.2132
 7296/10238 [====================>.........] - ETA: 45s - loss: 1.7585 - acc: 0.2137
 7424/10238 [====================>.........] - ETA: 43s - loss: 1.7568 - acc: 0.2144
 7552/10238 [=====================>........] - ETA: 41s - loss: 1.7563 - acc: 0.2141
 7680/10238 [=====================>........] - ETA: 38s - loss: 1.7564 - acc: 0.2148
 7808/10238 [=====================>........] - ETA: 36s - loss: 1.7550 - acc: 0.2159
 7936/10238 [======================>.......] - ETA: 34s - loss: 1.7553 - acc: 0.2166
 8064/10238 [======================>.......] - ETA: 33s - loss: 1.7549 - acc: 0.2169
 8192/10238 [=======================>......] - ETA: 31s - loss: 1.7541 - acc: 0.2184
 8320/10238 [=======================>......] - ETA: 29s - loss: 1.7544 - acc: 0.2177
 8448/10238 [=======================>......] - ETA: 27s - loss: 1.7547 - acc: 0.2173
 8576/10238 [========================>.....] - ETA: 25s - loss: 1.7548 - acc: 0.2168
 8704/10238 [========================>.....] - ETA: 23s - loss: 1.7547 - acc: 0.2167
 8832/10238 [========================>.....] - ETA: 21s - loss: 1.7547 - acc: 0.2174
 8960/10238 [=========================>....] - ETA: 19s - loss: 1.7543 - acc: 0.2177
 9088/10238 [=========================>....] - ETA: 17s - loss: 1.7540 - acc: 0.2179
 9216/10238 [==========================>...] - ETA: 15s - loss: 1.7536 - acc: 0.2190
 9344/10238 [==========================>...] - ETA: 13s - loss: 1.7536 - acc: 0.2189
 9472/10238 [==========================>...] - ETA: 11s - loss: 1.7540 - acc: 0.2184
 9600/10238 [===========================>..] - ETA: 9s - loss: 1.7533 - acc: 0.2189 
 9728/10238 [===========================>..] - ETA: 7s - loss: 1.7529 - acc: 0.2186
 9856/10238 [===========================>..] - ETA: 5s - loss: 1.7529 - acc: 0.2176
 9984/10238 [============================>.] - ETA: 3s - loss: 1.7528 - acc: 0.2176
10112/10238 [============================>.] - ETA: 1s - loss: 1.7526 - acc: 0.2175
10238/10238 [==============================] - 162s 16ms/step - loss: 1.7523 - acc: 0.2176 - val_loss: 1.7165 - val_acc: 0.2352
Epoch 2/5

  128/10238 [..............................] - ETA: 2:28 - loss: 1.6578 - acc: 0.2812
  256/10238 [..............................] - ETA: 2:26 - loss: 1.7016 - acc: 0.2617
  384/10238 [>.............................] - ETA: 2:24 - loss: 1.7085 - acc: 0.2578
  512/10238 [>.............................] - ETA: 2:21 - loss: 1.7067 - acc: 0.2617
  640/10238 [>.............................] - ETA: 2:18 - loss: 1.7050 - acc: 0.2625
  768/10238 [=>............................] - ETA: 2:16 - loss: 1.6972 - acc: 0.2669
  896/10238 [=>............................] - ETA: 2:14 - loss: 1.6993 - acc: 0.2723
 1024/10238 [==>...........................] - ETA: 2:12 - loss: 1.7041 - acc: 0.2754
 1152/10238 [==>...........................] - ETA: 2:10 - loss: 1.7039 - acc: 0.2691
 1280/10238 [==>...........................] - ETA: 2:08 - loss: 1.7041 - acc: 0.2703
 1408/10238 [===>..........................] - ETA: 2:07 - loss: 1.7055 - acc: 0.2706
 1536/10238 [===>..........................] - ETA: 2:06 - loss: 1.7065 - acc: 0.2715
 1664/10238 [===>..........................] - ETA: 2:04 - loss: 1.7082 - acc: 0.2668
 1792/10238 [====>.........................] - ETA: 2:03 - loss: 1.7099 - acc: 0.2673
 1920/10238 [====>.........................] - ETA: 2:00 - loss: 1.7114 - acc: 0.2651
 2048/10238 [=====>........................] - ETA: 1:59 - loss: 1.7119 - acc: 0.2681
 2176/10238 [=====>........................] - ETA: 1:57 - loss: 1.7122 - acc: 0.2698
 2304/10238 [=====>........................] - ETA: 1:55 - loss: 1.7107 - acc: 0.2691
 2432/10238 [======>.......................] - ETA: 1:53 - loss: 1.7092 - acc: 0.2697
 2560/10238 [======>.......................] - ETA: 1:51 - loss: 1.7104 - acc: 0.2660
 2688/10238 [======>.......................] - ETA: 1:50 - loss: 1.7082 - acc: 0.2671
 2816/10238 [=======>......................] - ETA: 1:48 - loss: 1.7104 - acc: 0.2681
 2944/10238 [=======>......................] - ETA: 1:46 - loss: 1.7117 - acc: 0.2666
 3072/10238 [========>.....................] - ETA: 1:44 - loss: 1.7110 - acc: 0.2656
 3200/10238 [========>.....................] - ETA: 1:42 - loss: 1.7084 - acc: 0.2675
 3328/10238 [========>.....................] - ETA: 1:41 - loss: 1.7077 - acc: 0.2683
 3456/10238 [=========>....................] - ETA: 1:39 - loss: 1.7057 - acc: 0.2685
 3584/10238 [=========>....................] - ETA: 1:37 - loss: 1.7068 - acc: 0.2659
 3712/10238 [=========>....................] - ETA: 1:35 - loss: 1.7051 - acc: 0.2664
 3840/10238 [==========>...................] - ETA: 1:33 - loss: 1.7040 - acc: 0.2661
 3968/10238 [==========>...................] - ETA: 1:31 - loss: 1.7050 - acc: 0.2669
 4096/10238 [===========>..................] - ETA: 1:29 - loss: 1.7060 - acc: 0.2659
 4224/10238 [===========>..................] - ETA: 1:27 - loss: 1.7042 - acc: 0.2694
 4352/10238 [===========>..................] - ETA: 1:25 - loss: 1.7040 - acc: 0.2688
 4480/10238 [============>.................] - ETA: 1:23 - loss: 1.7036 - acc: 0.2690
 4608/10238 [============>.................] - ETA: 1:22 - loss: 1.7043 - acc: 0.2689
 4736/10238 [============>.................] - ETA: 1:20 - loss: 1.7059 - acc: 0.2677
 4864/10238 [=============>................] - ETA: 1:18 - loss: 1.7060 - acc: 0.2679
 4992/10238 [=============>................] - ETA: 1:16 - loss: 1.7062 - acc: 0.2678
 5120/10238 [==============>...............] - ETA: 1:14 - loss: 1.7070 - acc: 0.2670
 5248/10238 [==============>...............] - ETA: 1:12 - loss: 1.7066 - acc: 0.2660
 5376/10238 [==============>...............] - ETA: 1:10 - loss: 1.7077 - acc: 0.2656
 5504/10238 [===============>..............] - ETA: 1:09 - loss: 1.7059 - acc: 0.2684
 5632/10238 [===============>..............] - ETA: 1:07 - loss: 1.7067 - acc: 0.2667
 5760/10238 [===============>..............] - ETA: 1:05 - loss: 1.7067 - acc: 0.2667
 5888/10238 [================>.............] - ETA: 1:03 - loss: 1.7073 - acc: 0.2649
 6016/10238 [================>.............] - ETA: 1:01 - loss: 1.7081 - acc: 0.2648
 6144/10238 [=================>............] - ETA: 59s - loss: 1.7078 - acc: 0.2655 
 6272/10238 [=================>............] - ETA: 57s - loss: 1.7090 - acc: 0.2655
 6400/10238 [=================>............] - ETA: 55s - loss: 1.7101 - acc: 0.2641
 6528/10238 [==================>...........] - ETA: 54s - loss: 1.7096 - acc: 0.2650
 6656/10238 [==================>...........] - ETA: 52s - loss: 1.7098 - acc: 0.2652
 6784/10238 [==================>...........] - ETA: 50s - loss: 1.7096 - acc: 0.2655
 6912/10238 [===================>..........] - ETA: 48s - loss: 1.7089 - acc: 0.2655
 7040/10238 [===================>..........] - ETA: 46s - loss: 1.7083 - acc: 0.2649
 7168/10238 [====================>.........] - ETA: 44s - loss: 1.7085 - acc: 0.2638
 7296/10238 [====================>.........] - ETA: 42s - loss: 1.7084 - acc: 0.2629
 7424/10238 [====================>.........] - ETA: 40s - loss: 1.7073 - acc: 0.2623
 7552/10238 [=====================>........] - ETA: 39s - loss: 1.7078 - acc: 0.2620
 7680/10238 [=====================>........] - ETA: 37s - loss: 1.7082 - acc: 0.2609
 7808/10238 [=====================>........] - ETA: 35s - loss: 1.7082 - acc: 0.2608
 7936/10238 [======================>.......] - ETA: 33s - loss: 1.7086 - acc: 0.2608
 8064/10238 [======================>.......] - ETA: 31s - loss: 1.7085 - acc: 0.2595
 8192/10238 [=======================>......] - ETA: 29s - loss: 1.7089 - acc: 0.2581
 8320/10238 [=======================>......] - ETA: 27s - loss: 1.7093 - acc: 0.2575
 8448/10238 [=======================>......] - ETA: 26s - loss: 1.7093 - acc: 0.2571
 8576/10238 [========================>.....] - ETA: 24s - loss: 1.7096 - acc: 0.2566
 8704/10238 [========================>.....] - ETA: 22s - loss: 1.7102 - acc: 0.2554
 8832/10238 [========================>.....] - ETA: 20s - loss: 1.7099 - acc: 0.2554
 8960/10238 [=========================>....] - ETA: 18s - loss: 1.7094 - acc: 0.2552
 9088/10238 [=========================>....] - ETA: 16s - loss: 1.7093 - acc: 0.2546
 9216/10238 [==========================>...] - ETA: 14s - loss: 1.7089 - acc: 0.2540
 9344/10238 [==========================>...] - ETA: 13s - loss: 1.7093 - acc: 0.2549
 9472/10238 [==========================>...] - ETA: 11s - loss: 1.7093 - acc: 0.2549
 9600/10238 [===========================>..] - ETA: 9s - loss: 1.7093 - acc: 0.2549 
 9728/10238 [===========================>..] - ETA: 7s - loss: 1.7086 - acc: 0.2548
 9856/10238 [===========================>..] - ETA: 5s - loss: 1.7085 - acc: 0.2542
 9984/10238 [============================>.] - ETA: 3s - loss: 1.7087 - acc: 0.2538
10112/10238 [============================>.] - ETA: 1s - loss: 1.7087 - acc: 0.2543
10238/10238 [==============================] - 157s 15ms/step - loss: 1.7081 - acc: 0.2545 - val_loss: 1.7023 - val_acc: 0.2453
Epoch 3/5

  128/10238 [..............................] - ETA: 2:30 - loss: 1.7027 - acc: 0.2578
  256/10238 [..............................] - ETA: 2:25 - loss: 1.6705 - acc: 0.3164
  384/10238 [>.............................] - ETA: 2:22 - loss: 1.6711 - acc: 0.2891
  512/10238 [>.............................] - ETA: 2:18 - loss: 1.6469 - acc: 0.3145
  640/10238 [>.............................] - ETA: 2:17 - loss: 1.6504 - acc: 0.3141
  768/10238 [=>............................] - ETA: 2:15 - loss: 1.6697 - acc: 0.2943
  896/10238 [=>............................] - ETA: 2:15 - loss: 1.6682 - acc: 0.2969
 1024/10238 [==>...........................] - ETA: 2:13 - loss: 1.6672 - acc: 0.2930
 1152/10238 [==>...........................] - ETA: 2:11 - loss: 1.6656 - acc: 0.2995
 1280/10238 [==>...........................] - ETA: 2:09 - loss: 1.6677 - acc: 0.2906
 1408/10238 [===>..........................] - ETA: 2:07 - loss: 1.6679 - acc: 0.2955
 1536/10238 [===>..........................] - ETA: 2:06 - loss: 1.6711 - acc: 0.2891
 1664/10238 [===>..........................] - ETA: 2:04 - loss: 1.6706 - acc: 0.2879
 1792/10238 [====>.........................] - ETA: 2:03 - loss: 1.6734 - acc: 0.2812
 1920/10238 [====>.........................] - ETA: 2:02 - loss: 1.6760 - acc: 0.2802
 2048/10238 [=====>........................] - ETA: 2:00 - loss: 1.6723 - acc: 0.2837
 2176/10238 [=====>........................] - ETA: 1:58 - loss: 1.6727 - acc: 0.2822
 2304/10238 [=====>........................] - ETA: 1:56 - loss: 1.6722 - acc: 0.2834
 2432/10238 [======>.......................] - ETA: 1:54 - loss: 1.6701 - acc: 0.2821
 2560/10238 [======>.......................] - ETA: 1:52 - loss: 1.6721 - acc: 0.2801
 2688/10238 [======>.......................] - ETA: 1:50 - loss: 1.6704 - acc: 0.2824
 2816/10238 [=======>......................] - ETA: 1:48 - loss: 1.6701 - acc: 0.2834
 2944/10238 [=======>......................] - ETA: 1:46 - loss: 1.6696 - acc: 0.2809
 3072/10238 [========>.....................] - ETA: 1:44 - loss: 1.6713 - acc: 0.2793
 3200/10238 [========>.....................] - ETA: 1:42 - loss: 1.6711 - acc: 0.2787
 3328/10238 [========>.....................] - ETA: 1:40 - loss: 1.6716 - acc: 0.2767
 3456/10238 [=========>....................] - ETA: 1:39 - loss: 1.6722 - acc: 0.2760
 3584/10238 [=========>....................] - ETA: 1:37 - loss: 1.6726 - acc: 0.2754
 3712/10238 [=========>....................] - ETA: 1:35 - loss: 1.6722 - acc: 0.2753
 3840/10238 [==========>...................] - ETA: 1:33 - loss: 1.6709 - acc: 0.2771
 3968/10238 [==========>...................] - ETA: 1:31 - loss: 1.6726 - acc: 0.2757
 4096/10238 [===========>..................] - ETA: 1:29 - loss: 1.6751 - acc: 0.2734
 4224/10238 [===========>..................] - ETA: 1:27 - loss: 1.6761 - acc: 0.2727
 4352/10238 [===========>..................] - ETA: 1:26 - loss: 1.6770 - acc: 0.2741
 4480/10238 [============>.................] - ETA: 1:24 - loss: 1.6769 - acc: 0.2746
 4608/10238 [============>.................] - ETA: 1:22 - loss: 1.6788 - acc: 0.2739
 4736/10238 [============>.................] - ETA: 1:20 - loss: 1.6784 - acc: 0.2753
 4864/10238 [=============>................] - ETA: 1:18 - loss: 1.6787 - acc: 0.2749
 4992/10238 [=============>................] - ETA: 1:16 - loss: 1.6786 - acc: 0.2748
 5120/10238 [==============>...............] - ETA: 1:14 - loss: 1.6798 - acc: 0.2746
 5248/10238 [==============>...............] - ETA: 1:12 - loss: 1.6789 - acc: 0.2740
 5376/10238 [==============>...............] - ETA: 1:10 - loss: 1.6795 - acc: 0.2725
 5504/10238 [===============>..............] - ETA: 1:09 - loss: 1.6801 - acc: 0.2722
 5632/10238 [===============>..............] - ETA: 1:07 - loss: 1.6787 - acc: 0.2720
 5760/10238 [===============>..............] - ETA: 1:05 - loss: 1.6786 - acc: 0.2727
 5888/10238 [================>.............] - ETA: 1:03 - loss: 1.6782 - acc: 0.2731
 6016/10238 [================>.............] - ETA: 1:01 - loss: 1.6773 - acc: 0.2728
 6144/10238 [=================>............] - ETA: 59s - loss: 1.6776 - acc: 0.2720 
 6272/10238 [=================>............] - ETA: 57s - loss: 1.6775 - acc: 0.2720
 6400/10238 [=================>............] - ETA: 56s - loss: 1.6779 - acc: 0.2723
 6528/10238 [==================>...........] - ETA: 54s - loss: 1.6785 - acc: 0.2716
 6656/10238 [==================>...........] - ETA: 52s - loss: 1.6786 - acc: 0.2722
 6784/10238 [==================>...........] - ETA: 50s - loss: 1.6797 - acc: 0.2715
 6912/10238 [===================>..........] - ETA: 48s - loss: 1.6794 - acc: 0.2710
 7040/10238 [===================>..........] - ETA: 46s - loss: 1.6793 - acc: 0.2705
 7168/10238 [====================>.........] - ETA: 44s - loss: 1.6801 - acc: 0.2695
 7296/10238 [====================>.........] - ETA: 42s - loss: 1.6800 - acc: 0.2703
 7424/10238 [====================>.........] - ETA: 41s - loss: 1.6795 - acc: 0.2707
 7552/10238 [=====================>........] - ETA: 39s - loss: 1.6791 - acc: 0.2703
 7680/10238 [=====================>........] - ETA: 37s - loss: 1.6796 - acc: 0.2699
 7808/10238 [=====================>........] - ETA: 35s - loss: 1.6788 - acc: 0.2707
 7936/10238 [======================>.......] - ETA: 33s - loss: 1.6783 - acc: 0.2727
 8064/10238 [======================>.......] - ETA: 31s - loss: 1.6793 - acc: 0.2713
 8192/10238 [=======================>......] - ETA: 29s - loss: 1.6804 - acc: 0.2710
 8320/10238 [=======================>......] - ETA: 27s - loss: 1.6796 - acc: 0.2720
 8448/10238 [=======================>......] - ETA: 26s - loss: 1.6787 - acc: 0.2728
 8576/10238 [========================>.....] - ETA: 24s - loss: 1.6783 - acc: 0.2734
 8704/10238 [========================>.....] - ETA: 22s - loss: 1.6786 - acc: 0.2730
 8832/10238 [========================>.....] - ETA: 20s - loss: 1.6788 - acc: 0.2737
 8960/10238 [=========================>....] - ETA: 18s - loss: 1.6787 - acc: 0.2732
 9088/10238 [=========================>....] - ETA: 16s - loss: 1.6791 - acc: 0.2730
 9216/10238 [==========================>...] - ETA: 14s - loss: 1.6788 - acc: 0.2735
 9344/10238 [==========================>...] - ETA: 12s - loss: 1.6791 - acc: 0.2734
 9472/10238 [==========================>...] - ETA: 11s - loss: 1.6795 - acc: 0.2731
 9600/10238 [===========================>..] - ETA: 9s - loss: 1.6792 - acc: 0.2736 
 9728/10238 [===========================>..] - ETA: 7s - loss: 1.6793 - acc: 0.2737
 9856/10238 [===========================>..] - ETA: 5s - loss: 1.6805 - acc: 0.2730
 9984/10238 [============================>.] - ETA: 3s - loss: 1.6805 - acc: 0.2721
10112/10238 [============================>.] - ETA: 1s - loss: 1.6801 - acc: 0.2728
10238/10238 [==============================] - 156s 15ms/step - loss: 1.6800 - acc: 0.2725 - val_loss: 1.6863 - val_acc: 0.2570
Epoch 4/5

  128/10238 [..............................] - ETA: 2:32 - loss: 1.6237 - acc: 0.2812
  256/10238 [..............................] - ETA: 2:29 - loss: 1.6385 - acc: 0.3047
  384/10238 [>.............................] - ETA: 2:27 - loss: 1.6331 - acc: 0.3177
  512/10238 [>.............................] - ETA: 2:25 - loss: 1.6429 - acc: 0.3203
  640/10238 [>.............................] - ETA: 2:22 - loss: 1.6478 - acc: 0.3266
  768/10238 [=>............................] - ETA: 2:18 - loss: 1.6496 - acc: 0.3281
  896/10238 [=>............................] - ETA: 2:15 - loss: 1.6524 - acc: 0.3237
 1024/10238 [==>...........................] - ETA: 2:14 - loss: 1.6533 - acc: 0.3174
 1152/10238 [==>...........................] - ETA: 2:12 - loss: 1.6492 - acc: 0.3168
 1280/10238 [==>...........................] - ETA: 2:09 - loss: 1.6465 - acc: 0.3172
 1408/10238 [===>..........................] - ETA: 2:08 - loss: 1.6483 - acc: 0.3146
 1536/10238 [===>..........................] - ETA: 2:06 - loss: 1.6501 - acc: 0.3027
 1664/10238 [===>..........................] - ETA: 2:04 - loss: 1.6452 - acc: 0.3089
 1792/10238 [====>.........................] - ETA: 2:02 - loss: 1.6435 - acc: 0.3080
 1920/10238 [====>.........................] - ETA: 2:00 - loss: 1.6456 - acc: 0.3099
 2048/10238 [=====>........................] - ETA: 1:58 - loss: 1.6497 - acc: 0.3081
 2176/10238 [=====>........................] - ETA: 1:56 - loss: 1.6498 - acc: 0.3130
 2304/10238 [=====>........................] - ETA: 1:54 - loss: 1.6487 - acc: 0.3160
 2432/10238 [======>.......................] - ETA: 1:51 - loss: 1.6469 - acc: 0.3162
 2560/10238 [======>.......................] - ETA: 1:49 - loss: 1.6486 - acc: 0.3129
 2688/10238 [======>.......................] - ETA: 1:47 - loss: 1.6496 - acc: 0.3114
 2816/10238 [=======>......................] - ETA: 1:45 - loss: 1.6529 - acc: 0.3068
 2944/10238 [=======>......................] - ETA: 1:43 - loss: 1.6540 - acc: 0.3037
 3072/10238 [========>.....................] - ETA: 1:41 - loss: 1.6530 - acc: 0.3066
 3200/10238 [========>.....................] - ETA: 1:39 - loss: 1.6522 - acc: 0.3063
 3328/10238 [========>.....................] - ETA: 1:37 - loss: 1.6523 - acc: 0.3050
 3456/10238 [=========>....................] - ETA: 1:36 - loss: 1.6509 - acc: 0.3056
 3584/10238 [=========>....................] - ETA: 1:34 - loss: 1.6527 - acc: 0.3052
 3712/10238 [=========>....................] - ETA: 1:32 - loss: 1.6524 - acc: 0.3058
 3840/10238 [==========>...................] - ETA: 1:30 - loss: 1.6527 - acc: 0.3049
 3968/10238 [==========>...................] - ETA: 1:28 - loss: 1.6537 - acc: 0.3032
 4096/10238 [===========>..................] - ETA: 1:26 - loss: 1.6547 - acc: 0.3027
 4224/10238 [===========>..................] - ETA: 1:25 - loss: 1.6540 - acc: 0.3028
 4352/10238 [===========>..................] - ETA: 1:23 - loss: 1.6562 - acc: 0.3003
 4480/10238 [============>.................] - ETA: 1:21 - loss: 1.6556 - acc: 0.3009
 4608/10238 [============>.................] - ETA: 1:19 - loss: 1.6546 - acc: 0.3016
 4736/10238 [============>.................] - ETA: 1:17 - loss: 1.6550 - acc: 0.3032
 4864/10238 [=============>................] - ETA: 1:15 - loss: 1.6550 - acc: 0.3022
 4992/10238 [=============>................] - ETA: 1:13 - loss: 1.6522 - acc: 0.3051
 5120/10238 [==============>...............] - ETA: 1:12 - loss: 1.6514 - acc: 0.3055
 5248/10238 [==============>...............] - ETA: 1:10 - loss: 1.6526 - acc: 0.3037
 5376/10238 [==============>...............] - ETA: 1:08 - loss: 1.6545 - acc: 0.3028
 5504/10238 [===============>..............] - ETA: 1:06 - loss: 1.6543 - acc: 0.3032
 5632/10238 [===============>..............] - ETA: 1:04 - loss: 1.6553 - acc: 0.3024
 5760/10238 [===============>..............] - ETA: 1:03 - loss: 1.6580 - acc: 0.3017
 5888/10238 [================>.............] - ETA: 1:01 - loss: 1.6578 - acc: 0.3008
 6016/10238 [================>.............] - ETA: 59s - loss: 1.6566 - acc: 0.3004 
 6144/10238 [=================>............] - ETA: 57s - loss: 1.6571 - acc: 0.2996
 6272/10238 [=================>............] - ETA: 55s - loss: 1.6582 - acc: 0.2982
 6400/10238 [=================>............] - ETA: 53s - loss: 1.6566 - acc: 0.2994
 6528/10238 [==================>...........] - ETA: 52s - loss: 1.6559 - acc: 0.3001
 6656/10238 [==================>...........] - ETA: 50s - loss: 1.6564 - acc: 0.2997
 6784/10238 [==================>...........] - ETA: 48s - loss: 1.6562 - acc: 0.3001
 6912/10238 [===================>..........] - ETA: 46s - loss: 1.6568 - acc: 0.3003
 7040/10238 [===================>..........] - ETA: 45s - loss: 1.6574 - acc: 0.2999
 7168/10238 [====================>.........] - ETA: 43s - loss: 1.6565 - acc: 0.2997
 7296/10238 [====================>.........] - ETA: 41s - loss: 1.6559 - acc: 0.2993
 7424/10238 [====================>.........] - ETA: 39s - loss: 1.6565 - acc: 0.2989
 7552/10238 [=====================>........] - ETA: 37s - loss: 1.6573 - acc: 0.2983
 7680/10238 [=====================>........] - ETA: 36s - loss: 1.6577 - acc: 0.2978
 7808/10238 [=====================>........] - ETA: 34s - loss: 1.6574 - acc: 0.2979
 7936/10238 [======================>.......] - ETA: 32s - loss: 1.6569 - acc: 0.2984
 8064/10238 [======================>.......] - ETA: 30s - loss: 1.6573 - acc: 0.2981
 8192/10238 [=======================>......] - ETA: 28s - loss: 1.6573 - acc: 0.2982
 8320/10238 [=======================>......] - ETA: 27s - loss: 1.6574 - acc: 0.2978
 8448/10238 [=======================>......] - ETA: 25s - loss: 1.6569 - acc: 0.2977
 8576/10238 [========================>.....] - ETA: 23s - loss: 1.6568 - acc: 0.2973
 8704/10238 [========================>.....] - ETA: 21s - loss: 1.6565 - acc: 0.2981
 8832/10238 [========================>.....] - ETA: 19s - loss: 1.6569 - acc: 0.2980
 8960/10238 [=========================>....] - ETA: 18s - loss: 1.6559 - acc: 0.2985
 9088/10238 [=========================>....] - ETA: 16s - loss: 1.6557 - acc: 0.2989
 9216/10238 [==========================>...] - ETA: 14s - loss: 1.6562 - acc: 0.2989
 9344/10238 [==========================>...] - ETA: 12s - loss: 1.6564 - acc: 0.2984
 9472/10238 [==========================>...] - ETA: 10s - loss: 1.6559 - acc: 0.2988
 9600/10238 [===========================>..] - ETA: 9s - loss: 1.6558 - acc: 0.2986 
 9728/10238 [===========================>..] - ETA: 7s - loss: 1.6553 - acc: 0.2990
 9856/10238 [===========================>..] - ETA: 5s - loss: 1.6546 - acc: 0.2987
 9984/10238 [============================>.] - ETA: 3s - loss: 1.6539 - acc: 0.2987
10112/10238 [============================>.] - ETA: 1s - loss: 1.6548 - acc: 0.2979
10238/10238 [==============================] - 154s 15ms/step - loss: 1.6550 - acc: 0.2964 - val_loss: 1.7095 - val_acc: 0.2298
Epoch 5/5

  128/10238 [..............................] - ETA: 2:33 - loss: 1.6221 - acc: 0.2969
  256/10238 [..............................] - ETA: 2:29 - loss: 1.5920 - acc: 0.3047
  384/10238 [>.............................] - ETA: 2:27 - loss: 1.6233 - acc: 0.2917
  512/10238 [>.............................] - ETA: 2:28 - loss: 1.6387 - acc: 0.2812
  640/10238 [>.............................] - ETA: 2:27 - loss: 1.6291 - acc: 0.2938
  768/10238 [=>............................] - ETA: 2:25 - loss: 1.6356 - acc: 0.3034
  896/10238 [=>............................] - ETA: 2:21 - loss: 1.6289 - acc: 0.3069
 1024/10238 [==>...........................] - ETA: 2:19 - loss: 1.6233 - acc: 0.3115
 1152/10238 [==>...........................] - ETA: 2:16 - loss: 1.6228 - acc: 0.3108
 1280/10238 [==>...........................] - ETA: 2:14 - loss: 1.6172 - acc: 0.3180
 1408/10238 [===>..........................] - ETA: 2:12 - loss: 1.6169 - acc: 0.3232
 1536/10238 [===>..........................] - ETA: 2:10 - loss: 1.6177 - acc: 0.3210
 1664/10238 [===>..........................] - ETA: 2:08 - loss: 1.6178 - acc: 0.3185
 1792/10238 [====>.........................] - ETA: 2:06 - loss: 1.6178 - acc: 0.3203
 1920/10238 [====>.........................] - ETA: 2:03 - loss: 1.6201 - acc: 0.3187
 2048/10238 [=====>........................] - ETA: 2:01 - loss: 1.6210 - acc: 0.3154
 2176/10238 [=====>........................] - ETA: 1:59 - loss: 1.6189 - acc: 0.3189
 2304/10238 [=====>........................] - ETA: 1:57 - loss: 1.6155 - acc: 0.3203
 2432/10238 [======>.......................] - ETA: 1:55 - loss: 1.6175 - acc: 0.3166
 2560/10238 [======>.......................] - ETA: 1:54 - loss: 1.6168 - acc: 0.3172
 2688/10238 [======>.......................] - ETA: 1:52 - loss: 1.6151 - acc: 0.3140
 2816/10238 [=======>......................] - ETA: 1:50 - loss: 1.6147 - acc: 0.3168
 2944/10238 [=======>......................] - ETA: 1:48 - loss: 1.6151 - acc: 0.3152
 3072/10238 [========>.....................] - ETA: 1:46 - loss: 1.6160 - acc: 0.3138
 3200/10238 [========>.....................] - ETA: 1:44 - loss: 1.6171 - acc: 0.3122
 3328/10238 [========>.....................] - ETA: 1:42 - loss: 1.6181 - acc: 0.3146
 3456/10238 [=========>....................] - ETA: 1:40 - loss: 1.6175 - acc: 0.3171
 3584/10238 [=========>....................] - ETA: 1:38 - loss: 1.6197 - acc: 0.3147
 3712/10238 [=========>....................] - ETA: 1:36 - loss: 1.6184 - acc: 0.3176
 3840/10238 [==========>...................] - ETA: 1:34 - loss: 1.6188 - acc: 0.3174
 3968/10238 [==========>...................] - ETA: 1:33 - loss: 1.6203 - acc: 0.3153
 4096/10238 [===========>..................] - ETA: 1:31 - loss: 1.6197 - acc: 0.3152
 4224/10238 [===========>..................] - ETA: 1:29 - loss: 1.6184 - acc: 0.3153
 4352/10238 [===========>..................] - ETA: 1:27 - loss: 1.6177 - acc: 0.3155
 4480/10238 [============>.................] - ETA: 1:25 - loss: 1.6214 - acc: 0.3138
 4608/10238 [============>.................] - ETA: 1:23 - loss: 1.6212 - acc: 0.3145
 4736/10238 [============>.................] - ETA: 1:21 - loss: 1.6221 - acc: 0.3150
 4864/10238 [=============>................] - ETA: 1:19 - loss: 1.6230 - acc: 0.3139
 4992/10238 [=============>................] - ETA: 1:17 - loss: 1.6229 - acc: 0.3143
 5120/10238 [==============>...............] - ETA: 1:15 - loss: 1.6231 - acc: 0.3131
 5248/10238 [==============>...............] - ETA: 1:13 - loss: 1.6246 - acc: 0.3115
 5376/10238 [==============>...............] - ETA: 1:11 - loss: 1.6255 - acc: 0.3099
 5504/10238 [===============>..............] - ETA: 1:09 - loss: 1.6264 - acc: 0.3096
 5632/10238 [===============>..............] - ETA: 1:07 - loss: 1.6254 - acc: 0.3091
 5760/10238 [===============>..............] - ETA: 1:06 - loss: 1.6263 - acc: 0.3075
 5888/10238 [================>.............] - ETA: 1:04 - loss: 1.6246 - acc: 0.3077
 6016/10238 [================>.............] - ETA: 1:02 - loss: 1.6236 - acc: 0.3082
 6144/10238 [=================>............] - ETA: 1:00 - loss: 1.6228 - acc: 0.3096
 6272/10238 [=================>............] - ETA: 58s - loss: 1.6242 - acc: 0.3080 
 6400/10238 [=================>............] - ETA: 56s - loss: 1.6252 - acc: 0.3075
 6528/10238 [==================>...........] - ETA: 54s - loss: 1.6258 - acc: 0.3068
 6656/10238 [==================>...........] - ETA: 52s - loss: 1.6240 - acc: 0.3078
 6784/10238 [==================>...........] - ETA: 50s - loss: 1.6242 - acc: 0.3072
 6912/10238 [===================>..........] - ETA: 48s - loss: 1.6236 - acc: 0.3076
 7040/10238 [===================>..........] - ETA: 47s - loss: 1.6228 - acc: 0.3095
 7168/10238 [====================>.........] - ETA: 45s - loss: 1.6233 - acc: 0.3093
 7296/10238 [====================>.........] - ETA: 43s - loss: 1.6233 - acc: 0.3095
 7424/10238 [====================>.........] - ETA: 41s - loss: 1.6225 - acc: 0.3099
 7552/10238 [=====================>........] - ETA: 39s - loss: 1.6212 - acc: 0.3109
 7680/10238 [=====================>........] - ETA: 37s - loss: 1.6215 - acc: 0.3115
 7808/10238 [=====================>........] - ETA: 35s - loss: 1.6205 - acc: 0.3119
 7936/10238 [======================>.......] - ETA: 33s - loss: 1.6215 - acc: 0.3120
 8064/10238 [======================>.......] - ETA: 31s - loss: 1.6220 - acc: 0.3120
 8192/10238 [=======================>......] - ETA: 29s - loss: 1.6235 - acc: 0.3112
 8320/10238 [=======================>......] - ETA: 28s - loss: 1.6239 - acc: 0.3106
 8448/10238 [=======================>......] - ETA: 26s - loss: 1.6234 - acc: 0.3111
 8576/10238 [========================>.....] - ETA: 24s - loss: 1.6236 - acc: 0.3106
 8704/10238 [========================>.....] - ETA: 22s - loss: 1.6235 - acc: 0.3107
 8832/10238 [========================>.....] - ETA: 20s - loss: 1.6247 - acc: 0.3091
 8960/10238 [=========================>....] - ETA: 18s - loss: 1.6242 - acc: 0.3092
 9088/10238 [=========================>....] - ETA: 16s - loss: 1.6240 - acc: 0.3096
 9216/10238 [==========================>...] - ETA: 14s - loss: 1.6241 - acc: 0.3101
 9344/10238 [==========================>...] - ETA: 13s - loss: 1.6239 - acc: 0.3103
 9472/10238 [==========================>...] - ETA: 11s - loss: 1.6246 - acc: 0.3102
 9600/10238 [===========================>..] - ETA: 9s - loss: 1.6256 - acc: 0.3096 
 9728/10238 [===========================>..] - ETA: 7s - loss: 1.6257 - acc: 0.3090
 9856/10238 [===========================>..] - ETA: 5s - loss: 1.6263 - acc: 0.3081
 9984/10238 [============================>.] - ETA: 3s - loss: 1.6266 - acc: 0.3082
10112/10238 [============================>.] - ETA: 1s - loss: 1.6266 - acc: 0.3084
10238/10238 [==============================] - 158s 15ms/step - loss: 1.6259 - acc: 0.3085 - val_loss: 1.7042 - val_acc: 0.2516

  32/1284 [..............................] - ETA: 29s
  64/1284 [>.............................] - ETA: 29s
  96/1284 [=>............................] - ETA: 28s
 128/1284 [=>............................] - ETA: 27s
 160/1284 [==>...........................] - ETA: 26s
 192/1284 [===>..........................] - ETA: 26s
 224/1284 [====>.........................] - ETA: 25s
 256/1284 [====>.........................] - ETA: 24s
 288/1284 [=====>........................] - ETA: 23s
 320/1284 [======>.......................] - ETA: 23s
 352/1284 [=======>......................] - ETA: 22s
 384/1284 [=======>......................] - ETA: 21s
 416/1284 [========>.....................] - ETA: 20s
 448/1284 [=========>....................] - ETA: 19s
 480/1284 [==========>...................] - ETA: 19s
 512/1284 [==========>...................] - ETA: 18s
 544/1284 [===========>..................] - ETA: 17s
 576/1284 [============>.................] - ETA: 16s
 608/1284 [=============>................] - ETA: 16s
 640/1284 [=============>................] - ETA: 15s
 672/1284 [==============>...............] - ETA: 14s
 704/1284 [===============>..............] - ETA: 13s
 736/1284 [================>.............] - ETA: 13s
 768/1284 [================>.............] - ETA: 12s
 800/1284 [=================>............] - ETA: 11s
 832/1284 [==================>...........] - ETA: 10s
 864/1284 [===================>..........] - ETA: 9s 
 896/1284 [===================>..........] - ETA: 9s
 928/1284 [====================>.........] - ETA: 8s
 960/1284 [=====================>........] - ETA: 7s
 992/1284 [======================>.......] - ETA: 6s
1024/1284 [======================>.......] - ETA: 6s
1056/1284 [=======================>......] - ETA: 5s
1088/1284 [========================>.....] - ETA: 4s
1120/1284 [=========================>....] - ETA: 3s
1152/1284 [=========================>....] - ETA: 3s
1184/1284 [==========================>...] - ETA: 2s
1216/1284 [===========================>..] - ETA: 1s
1248/1284 [============================>.] - ETA: 0s
1280/1284 [============================>.] - ETA: 0s
1284/1284 [==============================] - 31s 24ms/step
0.2515576323987539

  32/1267 [..............................] - ETA: 28s
  64/1267 [>.............................] - ETA: 28s
  96/1267 [=>............................] - ETA: 28s
 128/1267 [==>...........................] - ETA: 27s
 160/1267 [==>...........................] - ETA: 26s
 192/1267 [===>..........................] - ETA: 25s
 224/1267 [====>.........................] - ETA: 24s
 256/1267 [=====>........................] - ETA: 23s
 288/1267 [=====>........................] - ETA: 23s
 320/1267 [======>.......................] - ETA: 22s
 352/1267 [=======>......................] - ETA: 21s
 384/1267 [========>.....................] - ETA: 20s
 416/1267 [========>.....................] - ETA: 20s
 448/1267 [=========>....................] - ETA: 19s
 480/1267 [==========>...................] - ETA: 18s
 512/1267 [===========>..................] - ETA: 17s
 544/1267 [===========>..................] - ETA: 17s
 576/1267 [============>.................] - ETA: 16s
 608/1267 [=============>................] - ETA: 15s
 640/1267 [==============>...............] - ETA: 14s
 672/1267 [==============>...............] - ETA: 14s
 704/1267 [===============>..............] - ETA: 13s
 736/1267 [================>.............] - ETA: 12s
 768/1267 [=================>............] - ETA: 11s
 800/1267 [=================>............] - ETA: 11s
 832/1267 [==================>...........] - ETA: 10s
 864/1267 [===================>..........] - ETA: 9s 
 896/1267 [====================>.........] - ETA: 8s
 928/1267 [====================>.........] - ETA: 8s
 960/1267 [=====================>........] - ETA: 7s
 992/1267 [======================>.......] - ETA: 6s
1024/1267 [=======================>......] - ETA: 5s
1056/1267 [========================>.....] - ETA: 5s
1088/1267 [========================>.....] - ETA: 4s
1120/1267 [=========================>....] - ETA: 3s
1152/1267 [==========================>...] - ETA: 2s
1184/1267 [===========================>..] - ETA: 1s
1216/1267 [===========================>..] - ETA: 1s
1248/1267 [============================>.] - ETA: 0s
1267/1267 [==============================] - 30s 24ms/step
Using TensorFlow backend.
0.23520126263739655
